-------------------------------------------------------------------------------
Test set: es.santander.ascender.proyectoindividualrey.ProductoControllerTest
-------------------------------------------------------------------------------
Tests run: 5, Failures: 1, Errors: 0, Skipped: 0, Time elapsed: 0.028 s <<< FAILURE! -- in es.santander.ascender.proyectoindividualrey.ProductoControllerTest
es.santander.ascender.proyectoindividualrey.ProductoControllerTest.testComprarProducto -- Time elapsed: 0.015 s <<< FAILURE!
org.opentest4j.AssertionFailedError: expected: <Compra realizada con éxito. Producto: Coca-Cola, Cantidad: 5> but was: <Compra realizada con éxito. Producto: Producto A, Cantidad: 5>
	at org.junit.jupiter.api.AssertionFailureBuilder.build(AssertionFailureBuilder.java:151)
	at org.junit.jupiter.api.AssertionFailureBuilder.buildAndThrow(AssertionFailureBuilder.java:132)
	at org.junit.jupiter.api.AssertEquals.failNotEqual(AssertEquals.java:197)
	at org.junit.jupiter.api.AssertEquals.assertEquals(AssertEquals.java:182)
	at org.junit.jupiter.api.AssertEquals.assertEquals(AssertEquals.java:177)
	at org.junit.jupiter.api.Assertions.assertEquals(Assertions.java:1145)
	at es.santander.ascender.proyectoindividualrey.ProductoControllerTest.testComprarProducto(ProductoControllerTest.java:49)
	at java.base/java.lang.reflect.Method.invoke(Method.java:580)
	at java.base/java.util.ArrayList.forEach(ArrayList.java:1596)
	at java.base/java.util.ArrayList.forEach(ArrayList.java:1596)

